<?xml version="1.0" encoding="UTF-8"?>
<!-- Generated by org.testng.reporters.JUnitReportReporter -->
<testsuite hostname="Tannaz" failures="0" tests="1" name="test_package.testclass" time="8.479" errors="0" timestamp="2023-09-11T11:48:55 EDT" skipped="0">
  <testcase classname="test_package.testclass" name="feature" time="8.479"/>
</testsuite> <!-- test_package.testclass -->
